# JRE version: Java(TM) SE Runtime Environment (17.0.2+8) (build 17.0.2+8-LTS-86)
# Java VM: Java HotSpot(TM) 64-Bit Server VM (17.0.2+8-LTS-86, mixed mode, sharing, tiered, compressed oops, compressed class ptrs, g1 gc, windows-amd64)
GC Precious Log:
 CPUs: 2 total, 2 available
 Memory: 4083M
 Large Page Support: Disabled
 NUMA Support: Disabled
 Compressed Oops: Enabled (32-bit)
 Heap Region Size: 1M
 Heap Min Capacity: 8M
 Heap Initial Capacity: 64M
 Heap Max Capacity: 2G
 Pre-touch: Disabled
 Parallel Workers: 2
 Concurrent Workers: 1
 Concurrent Refinement Workers: 2
 Periodic GC: Disabled
Heap:
 garbage-first heap   total 190464K, used 154907K [0x0000000080000000, 0x0000000100000000)
  region size 1024K, 33 young (33792K), 5 survivors (5120K)
 Metaspace       used 86153K, committed 86784K, reserved 1130496K
  class space    used 11219K, committed 11520K, reserved 1048576K
GC Heap History (20 events):
Event: 75.383 GC heap before
{Heap before GC invocations=37 (full 0):
 garbage-first heap   total 158720K, used 126976K [0x0000000080000000, 0x0000000100000000)
  region size 1024K, 62 young (63488K), 8 survivors (8192K)
 Metaspace       used 73088K, committed 73664K, reserved 1114112K
  class space    used 9855K, committed 10112K, reserved 1048576K
}
Event: 75.424 GC heap after
{Heap after GC invocations=38 (full 0):
 garbage-first heap   total 158720K, used 77312K [0x0000000080000000, 0x0000000100000000)
  region size 1024K, 6 young (6144K), 6 survivors (6144K)
 Metaspace       used 73088K, committed 73664K, reserved 1114112K
  class space    used 9855K, committed 10112K, reserved 1048576K
}
Event: 86.145 GC heap before
{Heap before GC invocations=38 (full 0):
 garbage-first heap   total 158720K, used 126464K [0x0000000080000000, 0x0000000100000000)
  region size 1024K, 55 young (56320K), 6 survivors (6144K)
 Metaspace       used 76434K, committed 77056K, reserved 1122304K
  class space    used 10257K, committed 10560K, reserved 1048576K
}
Event: 86.237 GC heap after
{Heap after GC invocations=39 (full 0):
 garbage-first heap   total 158720K, used 83968K [0x0000000080000000, 0x0000000100000000)
  region size 1024K, 7 young (7168K), 7 survivors (7168K)
 Metaspace       used 76434K, committed 77056K, reserved 1122304K
  class space    used 10257K, committed 10560K, reserved 1048576K
}
Event: 97.063 GC heap before
{Heap before GC invocations=39 (full 0):
 garbage-first heap   total 158720K, used 128000K [0x0000000080000000, 0x0000000100000000)
  region size 1024K, 51 young (52224K), 7 survivors (7168K)
 Metaspace       used 76775K, committed 77376K, reserved 1122304K
  class space    used 10265K, committed 10560K, reserved 1048576K
}
Event: 97.093 GC heap after
{Heap after GC invocations=40 (full 0):
 garbage-first heap   total 158720K, used 86509K [0x0000000080000000, 0x0000000100000000)
  region size 1024K, 3 young (3072K), 3 survivors (3072K)
 Metaspace       used 76775K, committed 77376K, reserved 1122304K
  class space    used 10265K, committed 10560K, reserved 1048576K
}
Event: 107.971 GC heap before
{Heap before GC invocations=40 (full 0):
 garbage-first heap   total 158720K, used 131565K [0x0000000080000000, 0x0000000100000000)
  region size 1024K, 46 young (47104K), 3 survivors (3072K)
 Metaspace       used 78022K, committed 78720K, reserved 1122304K
  class space    used 10418K, committed 10752K, reserved 1048576K
}
Event: 108.013 GC heap after
{Heap after GC invocations=41 (full 0):
 garbage-first heap   total 158720K, used 96768K [0x0000000080000000, 0x0000000100000000)
  region size 1024K, 6 young (6144K), 6 survivors (6144K)
 Metaspace       used 78022K, committed 78720K, reserved 1122304K
  class space    used 10418K, committed 10752K, reserved 1048576K
}
Event: 112.136 GC heap before
{Heap before GC invocations=41 (full 0):
 garbage-first heap   total 158720K, used 125440K [0x0000000080000000, 0x0000000100000000)
  region size 1024K, 35 young (35840K), 6 survivors (6144K)
 Metaspace       used 78721K, committed 79424K, reserved 1122304K
  class space    used 10487K, committed 10816K, reserved 1048576K
}
Event: 112.193 GC heap after
{Heap after GC invocations=42 (full 0):
 garbage-first heap   total 158720K, used 107520K [0x0000000080000000, 0x0000000100000000)
  region size 1024K, 5 young (5120K), 5 survivors (5120K)
 Metaspace       used 78721K, committed 79424K, reserved 1122304K
  class space    used 10487K, committed 10816K, reserved 1048576K
}
Event: 113.317 GC heap before
{Heap before GC invocations=42 (full 0):
 garbage-first heap   total 158720K, used 134144K [0x0000000080000000, 0x0000000100000000)
  region size 1024K, 24 young (24576K), 5 survivors (5120K)
 Metaspace       used 78776K, committed 79424K, reserved 1122304K
  class space    used 10492K, committed 10816K, reserved 1048576K
}
Event: 113.363 GC heap after
{Heap after GC invocations=43 (full 0):
 garbage-first heap   total 158720K, used 114176K [0x0000000080000000, 0x0000000100000000)
  region size 1024K, 2 young (2048K), 2 survivors (2048K)
 Metaspace       used 78776K, committed 79424K, reserved 1122304K
  class space    used 10492K, committed 10816K, reserved 1048576K
}
Event: 119.774 GC heap before
{Heap before GC invocations=43 (full 0):
 garbage-first heap   total 158720K, used 130560K [0x0000000080000000, 0x0000000100000000)
  region size 1024K, 18 young (18432K), 2 survivors (2048K)
 Metaspace       used 80798K, committed 81472K, reserved 1122304K
  class space    used 10755K, committed 11072K, reserved 1048576K
}
Event: 119.784 GC heap after
{Heap after GC invocations=44 (full 0):
 garbage-first heap   total 190464K, used 113152K [0x0000000080000000, 0x0000000100000000)
  region size 1024K, 1 young (1024K), 1 survivors (1024K)
 Metaspace       used 80798K, committed 81472K, reserved 1122304K
  class space    used 10755K, committed 11072K, reserved 1048576K
}
Event: 120.861 GC heap before
{Heap before GC invocations=44 (full 0):
 garbage-first heap   total 190464K, used 148992K [0x0000000080000000, 0x0000000100000000)
  region size 1024K, 29 young (29696K), 1 survivors (1024K)
 Metaspace       used 80889K, committed 81536K, reserved 1122304K
  class space    used 10760K, committed 11072K, reserved 1048576K
}
Event: 120.893 GC heap after
{Heap after GC invocations=45 (full 0):
 garbage-first heap   total 190464K, used 122414K [0x0000000080000000, 0x0000000100000000)
  region size 1024K, 5 young (5120K), 5 survivors (5120K)
 Metaspace       used 80889K, committed 81536K, reserved 1122304K
  class space    used 10760K, committed 11072K, reserved 1048576K
}
Event: 121.079 GC heap before
{Heap before GC invocations=45 (full 0):
 garbage-first heap   total 190464K, used 126510K [0x0000000080000000, 0x0000000100000000)
  region size 1024K, 6 young (6144K), 5 survivors (5120K)
 Metaspace       used 80889K, committed 81536K, reserved 1122304K
  class space    used 10760K, committed 11072K, reserved 1048576K
}
Event: 121.099 GC heap after
{Heap after GC invocations=46 (full 0):
 garbage-first heap   total 190464K, used 123261K [0x0000000080000000, 0x0000000100000000)
  region size 1024K, 1 young (1024K), 1 survivors (1024K)
 Metaspace       used 80889K, committed 81536K, reserved 1122304K
  class space    used 10760K, committed 11072K, reserved 1048576K
}
Event: 123.552 GC heap before
{Heap before GC invocations=46 (full 0):
 garbage-first heap   total 190464K, used 159101K [0x0000000080000000, 0x0000000100000000)
  region size 1024K, 33 young (33792K), 1 survivors (1024K)
 Metaspace       used 84001K, committed 84672K, reserved 1122304K
  class space    used 11037K, committed 11328K, reserved 1048576K
}
Event: 123.576 GC heap after
{Heap after GC invocations=47 (full 0):
 garbage-first heap   total 190464K, used 127259K [0x0000000080000000, 0x0000000100000000)
  region size 1024K, 5 young (5120K), 5 survivors (5120K)
 Metaspace       used 84001K, committed 84672K, reserved 1122304K
  class space    used 11037K, committed 11328K, reserved 1048576K
}

